<?xml version="1.0" encoding="UTF-8"?>
<!-- Generated by org.testng.reporters.JUnitReportReporter -->
<testsuite hostname="LAPTOP-AQIQLLBC" failures="0" tests="1" name="Poi_concept.windowHandle" time="38.595" errors="0" timestamp="2025-06-05T20:14:25 IST" skipped="0">
  <testcase classname="Poi_concept.windowHandle" name="setUpBrowser" time="38.595"/>
  <system-out/>
</testsuite> <!-- Poi_concept.windowHandle -->
